system          > 
system          > ConTeXt  ver: 2022.07.27 17:56 LMTX  fmt: 2022.8.28  int: english/english
system          > 
system          > 'cont-new.mkxl' loaded
open source     > level 1, order 1, name 'D:/venvs/context-win64/tex/texmf-context/tex/context/base/mkxl/cont-new.mkxl'
system          > beware: some patches loaded from cont-new.mkiv
close source    > level 1, order 1, name 'D:/venvs/context-win64/tex/texmf-context/tex/context/base/mkxl/cont-new.mkxl'
system          > files > jobname 'd:/ah21/TEX/context-source-studying/cannotbreakline', input 'd:/ah21/TEX/context-source-studying/cannotbreakline.lmtx', result 'd:/ah21/TEX/context-source-studying/cannotbreakline'
fonts           > latin modern fonts are not preloaded
languages       > language 'en' is active
open source     > level 1, order 2, name 'd:/ah21/TEX/context-source-studying/cannotbreakline.lmtx'
selectfont      > the requested fallback font 'file:simsun.ttc' for typeface 'documentfont' style 'rm' was ignored because no files where found.
selectfont      > the requested fallback font 'file:simsun.ttc' for typeface 'documentfont' style 'ss' was ignored because no files where found.
selectfont      > the requested fallback font 'file:simsun.ttc' for typeface 'documentfont' style 'tt' was ignored because no files where found.
selectfont      > the requested font 'file:simsun.ttc' has no files for the 'tf' alternative, Latin Modern is used instead.
selectfont      > the requested font 'file:simsun.ttc' has no files for the 'tf' alternative, Latin Modern is used instead.
selectfont      > the requested font 'file:simsun.ttc' has no files for the 'tf' alternative, Latin Modern is used instead.
fonts           > preloading modern-designsize (math)
fonts           > 'fallback modern-designsize mm 12pt' is loaded
fonts           > checking > char [ (U+0005B) in font '' with id 0: missing
fonts           > checking > char p (U+00070) in font '' with id 0: missing
fonts           > checking > char r (U+00072) in font '' with id 0: missing
fonts           > checking > char e (U+00065) in font '' with id 0: missing
fonts           > checking > char s (U+00073) in font '' with id 0: missing
fonts           > checking > char t (U+00074) in font '' with id 0: missing
fonts           > checking > char = (U+0003D) in font '' with id 0: missing
fonts           > checking > char a (U+00061) in font '' with id 0: missing
fonts           > checking > char n (U+0006E) in font '' with id 0: missing
fonts           > checking > char g (U+00067) in font '' with id 0: missing
fonts           > checking > char : (U+0003A) in font '' with id 0: missing
fonts           > checking > char c (U+00063) in font '' with id 0: missing
fonts           > checking > char h (U+00068) in font '' with id 0: missing
fonts           > checking > char i (U+00069) in font '' with id 0: missing
fonts           > checking > char ] (U+0005D) in font '' with id 0: missing
fonts           > checking > char 寖 (U+05BD6) in font 'LMRoman10-Regular' with id 1: missing
fonts           > checking > char 備 (U+05099) in font 'LMRoman10-Regular' with id 1: missing
fonts           > checking > char 寖 (U+05BD6) in font 'LMSans10-Regular' with id 6: missing
fonts           > checking > char 備 (U+05099) in font 'LMSans10-Regular' with id 6: missing
fonts           > checking > char 寖 (U+05BD6) in font 'LMMono10-Regular' with id 8: missing
fonts           > checking > char 備 (U+05099) in font 'LMMono10-Regular' with id 8: missing
backend         > xmp > using file 'D:/venvs/context-win64/tex/texmf-context/tex/context/base/mkiv/lpdf-pdx.xml'
pages           > flushing realpage 1, userpage 1, subpage 1
close source    > level 1, order 2, name 'd:/ah21/TEX/context-source-studying/cannotbreakline.lmtx'
system          > start used files
system          > text: cannotbreakline
system          > stop used files
system          > start used files
system          >    1: filename=publ-imp-default.lua filetype=scripts foundname=D:/venvs/context-win64/tex/texmf-context/tex/context/base/mkiv/publ-imp-default.lua fullname=D:/venvs/context-win64/tex/texmf-context/tex/context/base/mkiv/publ-imp-default.lua usedmethod=database
system          >    2: filename=cont-new.mkxl filetype=tex foundname=D:/venvs/context-win64/tex/texmf-context/tex/context/base/mkxl/cont-new.mkxl fullname=D:/venvs/context-win64/tex/texmf-context/tex/context/base/mkxl/cont-new.mkxl usedmethod=database
system          >    3: filename=lang-exc.lua filetype=scripts foundname=D:/venvs/context-win64/tex/texmf-context/tex/context/base/mkiv/lang-exc.lua fullname=D:/venvs/context-win64/tex/texmf-context/tex/context/base/mkiv/lang-exc.lua usedmethod=database
system          >    4: filename=lang-us.lua filetype=scripts foundname=D:/venvs/context-win64/tex/texmf-context/tex/context/patterns/mkiv/lang-us.lua fullname=D:/venvs/context-win64/tex/texmf-context/tex/context/patterns/mkiv/lang-us.lua usedmethod=database
system          >    5: filename=d:/ah21/TEX/context-source-studying/cannotbreakline.lmtx format=tex foundname=d:/ah21/TEX/context-source-studying/cannotbreakline.lmtx fullname=d:/ah21/TEX/context-source-studying/cannotbreakline.lmtx usedmethod=direct
system          >    6: filename=lm.lfg filetype=tex foundname=D:/venvs/context-win64/tex/texmf-context/tex/context/fonts/mkiv/lm.lfg fullname=D:/venvs/context-win64/tex/texmf-context/tex/context/fonts/mkiv/lm.lfg usedmethod=database
system          >    7: filename=lmroman10-regular filetype=otf format=otf foundname=D:/venvs/context-win64/tex/texmf/fonts/opentype/public/lm/lmroman10-regular.otf fullname=D:/venvs/context-win64/tex/texmf/fonts/opentype/public/lm/lmroman10-regular.otf usedmethod=database
system          >    8: filename=lmsans10-regular filetype=otf format=otf foundname=D:/venvs/context-win64/tex/texmf/fonts/opentype/public/lm/lmsans10-regular.otf fullname=D:/venvs/context-win64/tex/texmf/fonts/opentype/public/lm/lmsans10-regular.otf usedmethod=database
system          >    9: filename=lmmono10-regular filetype=otf format=otf foundname=D:/venvs/context-win64/tex/texmf/fonts/opentype/public/lm/lmmono10-regular.otf fullname=D:/venvs/context-win64/tex/texmf/fonts/opentype/public/lm/lmmono10-regular.otf usedmethod=database
system          >   10: filename=lpdf-pdx.xml filetype=tex foundname=D:/venvs/context-win64/tex/texmf-context/tex/context/base/mkiv/lpdf-pdx.xml fullname=D:/venvs/context-win64/tex/texmf-context/tex/context/base/mkiv/lpdf-pdx.xml usedmethod=database
system          > stop used files
system          > start commandline options
system          > currentrun="1"
system          > fulljobname="d:/ah21/TEX/context-source-studying/cannotbreakline.lmtx"
system          > input="d:/ah21/TEX/context-source-studying/cannotbreakline.lmtx"
system          > kindofrun="1"
system          > maxnofruns="9"
system          > texmfbinpath="D:/venvs/context-win64/tex/texmf-win64/bin"
system          > stop commandline options
system          > start commandline files
system          >    1: d:/ah21/TEX/context-source-studying/cannotbreakline.lmtx
system          > stop commandline files
modules         > start used modules
modules         > stop used modules
fonts           > start missing characters: D:/venvs/context-win64/tex/texmf/fonts/opentype/public/lm/lmmono10-regular.otf
fonts           >    2  U+05099  備  <CJK Ideograph>
fonts           >    2  U+05BD6  寖  <CJK Ideograph>
fonts           > stop missing characters
fonts           > start missing characters: D:/venvs/context-win64/tex/texmf/fonts/opentype/public/lm/lmroman10-regular.otf
fonts           >    2  U+05099  備  <CJK Ideograph>
fonts           >    2  U+05BD6  寖  <CJK Ideograph>
fonts           > stop missing characters
fonts           > start missing characters: D:/venvs/context-win64/tex/texmf/fonts/opentype/public/lm/lmsans10-regular.otf
fonts           >    2  U+05099  備  <CJK Ideograph>
fonts           >    2  U+05BD6  寖  <CJK Ideograph>
fonts           > stop missing characters
system          > 
system          > status after finishing run
system          > 
system          >   -----------------------------------------------------------------------------------------------------------------------------------------------------------------------------------
system          >           string       pool       hash     lookup       node      token     buffer      input       file       nest  parameter       save       font   language       mark     insert
system          >   -----------------------------------------------------------------------------------------------------------------------------------------------------------------------------------
system          >   max    2097152  100000000    2097152    2097152  100000000   10000000  100000000     100000       2000      10000     100000     500000     100000      10000      10000        500
system          >   min     150000   10000000     150000     150000    2000000    1000000    1000000      10000        500       1000      20000     100000        250        250         50         10
system          >   set     500000   10000000     250000     250000   50000000   10000000   10000000     100000       2000      10000     100000     500000     100000        250        250        250
system          >   stp     100000    1000000     100000     100000     500000     250000    1000000      10000        250       1000      10000      10000        250        250         50         25
system          > 
system          >   mem     150000     932652     150000               2000000    1000000    1000000      10000        500       1000      20000      10000     414096         96       1200        320
system          >   all    2400000     932652    2400000              18000000    8000000    1000000     320000      16000      72000      80000     160000     414096         96      28800      10240
system          > 
system          >   ini    2143596     875855          0      46425          0     508182                                                                                       0                      
system          >   ptr      48382                  9345      48363                544179          0          0          0          0          0          0          9          0          0          7
system          >   top      48383                740719     131074       5571     551326        290         36          5         12         36        364        250        250         50         10
system          >   -----------------------------------------------------------------------------------------------------------------------------------------------------------------------------------
system          > 
system          >   current input type    : initial
system          > 
system          >   approximate memory    : 36020364 (34 MB)
system          > 
system          >   expansion depth       : min: 10000, max: 1000000, set: 10000, top: 5
system          > 
system          >   luabytecode registers : 1006
system          >   luabytecode bytes     : 16112 (0 MB)
system          >   luastate bytes now    : 53550100 (51 MB)
system          >   luastate bytes max    : 53550100 (51 MB)
system          > 
system          >   file callbacks        : 72
system          >   saved callbacks       : 323
system          >   direct callbacks      : 2
system          >   function callbacks    : 1069
system          >   value callbacks       : 2
system          >   message callbacks     : 0
system          >   bytecode callbacks    : 606
system          > 
system          >   mp instances          : 0
system          >   mp estimated memory   : 0 (0 MB)
system          >   mp file callbacks     : 0
system          >   mp text callbacks     : 0
system          >   mp script callbacks   : 0
system          >   mp log callbacks      : 0
system          > 
system          >   total callbacks       : 2074
system          >   mp total callbacks    : 0
system          >   backend callbacks     : 0
system          > 
mkiv lua stats  > used config file: selfautoparent:/texmf/web2c/texmfcnf.lua
mkiv lua stats  > used cache path: D:/venvs/context-win64/tex/texmf-cache/luametatex-cache/context/5fe67e0bfe781ce0dde776fb1556f32e
mkiv lua stats  > resource resolver: loadtime 0.006 seconds, 0 scans with scantime 0.000 seconds, 0 shared scans, 10 found files, scanned paths: <none>
mkiv lua stats  > stored bytecode data: 506 modules (0.196 sec), 100 tables (0.013 sec), 606 chunks (0.209 sec)
mkiv lua stats  > traced context: maxstack: 1647, freed: 0, unreachable: 1647
mkiv lua stats  > cleaned up reserved nodes: 73 nodes, 7 lists of 434
mkiv lua stats  > node memory usage: 9 attribute, 1 glue, 79 gluespec, 3 kern, 590 mathspec, 2 penalty, 2 temp
mkiv lua stats  > node list callback tasks: 13 unique task lists, 11 instances (re)created, 70 calls
mkiv lua stats  > used backend: pdf
mkiv lua stats  > jobdata time: 0.002 seconds saving, 0.001 seconds loading
mkiv lua stats  > callbacks: file: 72, saved: 323, direct: 2, function: 1069, value: 2, message: 0, bytecode: 606, late 0, total: 2074 (2074 per page)
mkiv lua stats  > randomizer: resumed with value 0.24271713312094
mkiv lua stats  > loaded patterns: en::1, load time: 0.000
mkiv lua stats  > loaded fonts: 3 files: lmmono10-regular.otf, lmroman10-regular.otf, lmsans10-regular.otf
mkiv lua stats  > font engine: otf 3.120, afm 1.513, tfm 1.000, 9 instances, 6 shared in backend, 1 common vectors, 5 common hashes, load time 0.067 seconds 
mkiv lua stats  > font embedding time: 0.008 seconds, 3 fonts
mkiv lua stats  > result saved in file: d:/ah21/TEX/context-source-studying/cannotbreakline.pdf, compresslevel 1, objectcompresslevel 3
mkiv lua stats  > positions: 4 collected, 0 deltas, 0 shared partials, 0 partial entries
mkiv lua stats  > used platform: win64, type: windows, binary subtree: texmf-win64
mkiv lua stats  > used engine: luametatex version: 2.0957, functionality level: 20220726, format id: 664, compiler: gcc
mkiv lua stats  > tex properties: 740719 hash slots used of 2097152, 48363 control sequences, approximate memory usage: 34 MB
mkiv lua stats  > lua properties: engine: lua 5.4, used memory: 53 MB, ctx: 51 MB, max: 51 MB, symbol mask: utf (τεχ)
mkiv lua stats  > runtime: 0.423 seconds, 1 processed pages, 1 shipped pages, 2.366 pages/second
