system          > 
system          > ConTeXt  ver: 2022.07.27 17:56 LMTX  fmt: 2022.8.19  int: english/english
system          > 
system          > 'cont-new.mkxl' loaded
open source     > level 1, order 1, name 'D:/venvs/context-win64/tex/texmf-context/tex/context/base/mkxl/cont-new.mkxl'
system          > beware: some patches loaded from cont-new.mkiv
close source    > level 1, order 1, name 'D:/venvs/context-win64/tex/texmf-context/tex/context/base/mkxl/cont-new.mkxl'
system          > files > jobname 'd:/ah21/TEX/context-source-studying/字体测试', input 'd:/ah21/TEX/context-source-studying/字体测试.lmtx', result 'd:/ah21/TEX/context-source-studying/字体测试'
fonts           > latin modern fonts are not preloaded
languages       > language 'en' is active
open source     > level 1, order 2, name 'd:/ah21/TEX/context-source-studying/字体测试.lmtx'
fonts           > bodyfont '10.5pt' is defined (can better be done global)
fonts           > bodyfont '12.6pt' is defined (can better be done global)
fonts           > bodyfont '8.4pt' is defined (can better be done global)
open source     > level 2, order 3, name 'D:/venvs/context-win64/tex/texmf-context/tex/context/fonts/mkiv/type-imp-mscore.mkiv'
close source    > level 2, order 3, name 'D:/venvs/context-win64/tex/texmf-context/tex/context/fonts/mkiv/type-imp-mscore.mkiv'
fonts           > checks > registering extra script 'default'
open source     > level 2, order 4, name 'D:/venvs/context-win64/tex/texmf-context/tex/context/fonts/mkiv/type-imp-cambria.mkiv'
open source     > level 3, order 5, name 'D:/venvs/context-win64/tex/texmf-context/tex/context/fonts/mkiv/type-imp-dejavu.mkiv'
close source    > level 3, order 5, name 'D:/venvs/context-win64/tex/texmf-context/tex/context/fonts/mkiv/type-imp-dejavu.mkiv'
close source    > level 2, order 5, name 'D:/venvs/context-win64/tex/texmf-context/tex/context/fonts/mkiv/type-imp-cambria.mkiv'
modules         > using user prefixed file 's-layout-show'
modules         > 's-layout-show' is loaded
open source     > level 2, order 6, name 'D:/venvs/context-win64/tex/texmf-context/tex/context/modules/mkxl/s-layout-show.mkxl'
loading         > ConTeXt Page Macros / Runtime Macros
resolvers       > lua > loading file 'D:/venvs/context-win64/tex/texmf-context/tex/context/base/mkiv/page-run.lua' succeeded
close source    > level 2, order 6, name 'D:/venvs/context-win64/tex/texmf-context/tex/context/modules/mkxl/s-layout-show.mkxl'
fonts           > defining > font with asked name 'Calligraphy' is not found using lookup 'file'
fonts           > defining > unable to define 'Calligraphy' as 'mschinese-10.5pt-cg-tf--0'
fonts           > defining > font 'simsun', feature 'vert', script 'hani', no language 'dflt'
fonts           > checking > char 體 (U+09AD4) in font 'STXinwei-2' with id 16: missing
fonts           > checking > char 測 (U+06E2C) in font 'STXinwei-2' with id 16: missing
fonts           > checking > char 試 (U+08A66) in font 'STXinwei-2' with id 16: missing
fonts           > checking > char 華 (U+083EF) in font 'STXinwei-2' with id 16: missing
backend         > xmp > using file 'D:/venvs/context-win64/tex/texmf-context/tex/context/base/mkiv/lpdf-pdx.xml'
pages           > flushing realpage 1, userpage 1, subpage 1
pages           > flushing realpage 2, userpage 2, subpage 2
close source    > level 1, order 6, name 'd:/ah21/TEX/context-source-studying/字体测试.lmtx'
system          > start used files
system          > text: 字体测试
system          > stop used files
system          > start used files
system          >    1: filename=publ-imp-default.lua filetype=lua foundname=D:/venvs/context-win64/tex/texmf-context/tex/context/base/mkiv/publ-imp-default.lua fullname=D:/venvs/context-win64/tex/texmf-context/tex/context/base/mkiv/publ-imp-default.lua usedmethod=database
system          >    2: filename=cont-new.mkxl filetype=tex foundname=D:/venvs/context-win64/tex/texmf-context/tex/context/base/mkxl/cont-new.mkxl fullname=D:/venvs/context-win64/tex/texmf-context/tex/context/base/mkxl/cont-new.mkxl usedmethod=database
system          >    3: filename=lang-exc.lua filetype=lua foundname=D:/venvs/context-win64/tex/texmf-context/tex/context/base/mkiv/lang-exc.lua fullname=D:/venvs/context-win64/tex/texmf-context/tex/context/base/mkiv/lang-exc.lua usedmethod=database
system          >    4: filename=lang-us.lua filetype=lua foundname=D:/venvs/context-win64/tex/texmf-context/tex/context/patterns/mkiv/lang-us.lua fullname=D:/venvs/context-win64/tex/texmf-context/tex/context/patterns/mkiv/lang-us.lua usedmethod=database
system          >    5: filename=d:/ah21/TEX/context-source-studying/字体测试.lmtx format=tex foundname=d:/ah21/TEX/context-source-studying/字体测试.lmtx fullname=d:/ah21/TEX/context-source-studying/字体测试.lmtx usedmethod=direct
system          >    6: filename=type-imp-mscore.mkiv filetype=tex foundname=D:/venvs/context-win64/tex/texmf-context/tex/context/fonts/mkiv/type-imp-mscore.mkiv fullname=D:/venvs/context-win64/tex/texmf-context/tex/context/fonts/mkiv/type-imp-mscore.mkiv usedmethod=database
system          >    7: filename=type-imp-cambria.mkiv filetype=tex foundname=D:/venvs/context-win64/tex/texmf-context/tex/context/fonts/mkiv/type-imp-cambria.mkiv fullname=D:/venvs/context-win64/tex/texmf-context/tex/context/fonts/mkiv/type-imp-cambria.mkiv usedmethod=database
system          >    8: filename=type-imp-dejavu.mkiv filetype=tex foundname=D:/venvs/context-win64/tex/texmf-context/tex/context/fonts/mkiv/type-imp-dejavu.mkiv fullname=D:/venvs/context-win64/tex/texmf-context/tex/context/fonts/mkiv/type-imp-dejavu.mkiv usedmethod=database
system          >    9: filename=cambria-math.lfg filetype=tex foundname=D:/venvs/context-win64/tex/texmf-context/tex/context/fonts/mkiv/cambria-math.lfg fullname=D:/venvs/context-win64/tex/texmf-context/tex/context/fonts/mkiv/cambria-math.lfg usedmethod=database
system          >   10: filename=simfang.ttf  filetype=otf format=otf foundname=c:/windows/fonts/simfang.ttf  fullname=c:/windows/fonts/simfang.ttf  usedmethod=filesystem
system          >   11: filename=c:/windows/fonts/simfang.ttf foundname=c:/windows/fonts/simfang.ttf fullname=c:/windows/fonts/simfang.ttf usedmethod=direct
system          >   12: filename=cour.ttf filetype=ttf format=ttf foundname=c:/windows/fonts/cour.ttf fullname=c:/windows/fonts/cour.ttf usedmethod=filesystem
system          >   13: filename=c:/windows/fonts/cambria.ttc format=ttc foundname=c:/windows/fonts/cambria.ttc fullname=c:/windows/fonts/cambria.ttc usedmethod=direct
system          >   14: filename=s-layout-show.mkxl filetype=tex foundname=D:/venvs/context-win64/tex/texmf-context/tex/context/modules/mkxl/s-layout-show.mkxl fullname=D:/venvs/context-win64/tex/texmf-context/tex/context/modules/mkxl/s-layout-show.mkxl usedmethod=database
system          >   15: filename=page-run.lua filetype=tex format=tex foundname=D:/venvs/context-win64/tex/texmf-context/tex/context/base/mkiv/page-run.lua fullname=D:/venvs/context-win64/tex/texmf-context/tex/context/base/mkiv/page-run.lua usedmethod=database
system          >   16: filename=c:/windows/fonts/simsun.ttc format=ttc foundname=c:/windows/fonts/simsun.ttc fullname=c:/windows/fonts/simsun.ttc usedmethod=direct
system          >   17: filename=times.ttf filetype=ttf format=ttf foundname=c:/windows/fonts/times.ttf fullname=c:/windows/fonts/times.ttf usedmethod=filesystem
system          >   18: filename=STXIHEI.TTF  filetype=otf format=otf foundname=c:/windows/fonts/STXIHEI.TTF  fullname=c:/windows/fonts/STXIHEI.TTF  usedmethod=filesystem
system          >   19: filename=c:/windows/fonts/stxihei.ttf foundname=c:/windows/fonts/stxihei.ttf fullname=c:/windows/fonts/stxihei.ttf usedmethod=direct
system          >   20: filename=arial.ttf filetype=ttf format=ttf foundname=c:/windows/fonts/arial.ttf fullname=c:/windows/fonts/arial.ttf usedmethod=filesystem
system          >   21: filename=simkai.ttf  filetype=otf format=otf foundname=c:/windows/fonts/simkai.ttf  fullname=c:/windows/fonts/simkai.ttf  usedmethod=filesystem
system          >   22: filename=c:/windows/fonts/simkai.ttf foundname=c:/windows/fonts/simkai.ttf fullname=c:/windows/fonts/simkai.ttf usedmethod=direct
system          >   23: filename=couri.ttf filetype=ttf format=ttf foundname=c:/windows/fonts/couri.ttf fullname=c:/windows/fonts/couri.ttf usedmethod=filesystem
system          >   24: filename=simhei.ttf  filetype=otf format=otf foundname=c:/windows/fonts/simhei.ttf  fullname=c:/windows/fonts/simhei.ttf  usedmethod=filesystem
system          >   25: filename=c:/windows/fonts/simhei.ttf foundname=c:/windows/fonts/simhei.ttf fullname=c:/windows/fonts/simhei.ttf usedmethod=direct
system          >   26: filename=courbd.ttf filetype=ttf format=ttf foundname=c:/windows/fonts/courbd.ttf fullname=c:/windows/fonts/courbd.ttf usedmethod=filesystem
system          >   27: filename=STXINWEI.TTF filetype=ttf format=ttf foundname=c:/windows/fonts/STXINWEI.TTF fullname=c:/windows/fonts/STXINWEI.TTF usedmethod=filesystem
system          >   28: filename=courbi.ttf filetype=ttf format=ttf foundname=c:/windows/fonts/courbi.ttf fullname=c:/windows/fonts/courbi.ttf usedmethod=filesystem
system          >   29: filename=Amiri-Slanted.ttf filetype=ttf format=ttf foundname=c:/windows/fonts/Amiri-Slanted.ttf fullname=c:/windows/fonts/Amiri-Slanted.ttf usedmethod=filesystem
system          >   30: filename=Amiri-BoldSlanted.ttf filetype=ttf format=ttf foundname=c:/windows/fonts/Amiri-BoldSlanted.ttf fullname=c:/windows/fonts/Amiri-BoldSlanted.ttf usedmethod=filesystem
system          >   31: filename=SIMYOU.TTF  filetype=otf format=otf foundname=c:/windows/fonts/SIMYOU.TTF  fullname=c:/windows/fonts/SIMYOU.TTF  usedmethod=filesystem
system          >   32: filename=c:/windows/fonts/SIMYOU.TTF foundname=c:/windows/fonts/SIMYOU.TTF fullname=c:/windows/fonts/SIMYOU.TTF usedmethod=direct
system          >   33: filename=lpdf-pdx.xml filetype=tex foundname=D:/venvs/context-win64/tex/texmf-context/tex/context/base/mkiv/lpdf-pdx.xml fullname=D:/venvs/context-win64/tex/texmf-context/tex/context/base/mkiv/lpdf-pdx.xml usedmethod=database
system          > stop used files
system          > start commandline options
system          > currentrun="1"
system          > fulljobname="d:/ah21/TEX/context-source-studying/字体测试.lmtx"
system          > input="d:/ah21/TEX/context-source-studying/字体测试.lmtx"
system          > kindofrun="1"
system          > maxnofruns="9"
system          > texmfbinpath="D:/venvs/context-win64/tex/texmf-win64/bin"
system          > stop commandline options
system          > start commandline files
system          >    1: d:/ah21/TEX/context-source-studying/字体测试.lmtx
system          > stop commandline files
modules         > start used modules
modules         > loaded : *-s-layout-show
modules         > stop used modules
fonts           > start missing characters: c:/windows/fonts/STXINWEI.TTF
fonts           >    4  U+06E2C  測  <CJK Ideograph>
fonts           >   16  U+083EF  華  <CJK Ideograph>
fonts           >    4  U+08A66  試  <CJK Ideograph>
fonts           >    4  U+09AD4  體  <CJK Ideograph>
fonts           > stop missing characters
system          > 
system          > status after finishing run
system          > 
system          >   -----------------------------------------------------------------------------------------------------------------------------------------------------------------------------------
system          >           string       pool       hash     lookup       node      token     buffer      input       file       nest  parameter       save       font   language       mark     insert
system          >   -----------------------------------------------------------------------------------------------------------------------------------------------------------------------------------
system          >   max    2097152  100000000    2097152    2097152  100000000   10000000  100000000     100000       2000      10000     100000     500000     100000      10000      10000        500
system          >   min     150000   10000000     150000     150000    2000000    1000000    1000000      10000        500       1000      20000     100000        250        250         50         10
system          >   set     500000   10000000     250000     250000   50000000   10000000   10000000     100000       2000      10000     100000     500000     100000        250        250        250
system          >   stp     100000    1000000     100000     100000     500000     250000    1000000      10000        250       1000      10000      10000        250        250         50         25
system          > 
system          >   mem     150000     931283     150000               2000000    1000000    1000000      10000        500       1000      20000      10000   21043032         96       1200        320
system          >   all    2400000     931283    2400000              18000000    8000000    1000000     320000      16000      72000      80000     160000   21043032         96      28800      10240
system          > 
system          >   ini    2143596     875855          0      46425          0     508181                                                                                       0                      
system          >   ptr      48809                  9489      48790                565292          0          0          0          0          0          0         25          0          0          7
system          >   top      48810                740719     131074      33685     569897        316         38          7         12         41        369        250        250         50         10
system          >   -----------------------------------------------------------------------------------------------------------------------------------------------------------------------------------
system          > 
system          >   current input type    : initial
system          > 
system          >   approximate memory    : 58337531 (55 MB)
system          > 
system          >   expansion depth       : min: 10000, max: 1000000, set: 10000, top: 5
system          > 
system          >   luabytecode registers : 1006
system          >   luabytecode bytes     : 16112 (0 MB)
system          >   luastate bytes now    : 314203005 (299 MB)
system          >   luastate bytes max    : 314203005 (299 MB)
system          > 
system          >   file callbacks        : 788
system          >   saved callbacks       : 830
system          >   direct callbacks      : 3
system          >   function callbacks    : 2091
system          >   value callbacks       : 3
system          >   message callbacks     : 0
system          >   bytecode callbacks    : 606
system          > 
system          >   mp instances          : 0
system          >   mp estimated memory   : 0 (0 MB)
system          >   mp file callbacks     : 0
system          >   mp text callbacks     : 0
system          >   mp script callbacks   : 0
system          >   mp log callbacks      : 0
system          > 
system          >   total callbacks       : 4321
system          >   mp total callbacks    : 0
system          >   backend callbacks     : 0
system          > 
mkiv lua stats  > used config file: selfautoparent:/texmf/web2c/texmfcnf.lua
mkiv lua stats  > used cache path: D:/venvs/context-win64/tex/texmf-cache/luametatex-cache/context/5fe67e0bfe781ce0dde776fb1556f32e
mkiv lua stats  > resource resolver: loadtime 0.006 seconds, 0 scans with scantime 0.000 seconds, 0 shared scans, 33 found files, scanned paths: <none>
mkiv lua stats  > stored bytecode data: 506 modules (0.225 sec), 100 tables (0.014 sec), 606 chunks (0.239 sec)
mkiv lua stats  > traced context: maxstack: 1647, freed: 0, unreachable: 1647
mkiv lua stats  > cleaned up reserved nodes: 76 nodes, 8 lists of 434
mkiv lua stats  > node memory usage: 27 attribute, 1 glue, 79 gluespec, 4 hlist, 3 kern, 590 mathspec, 2 penalty, 2 temp
mkiv lua stats  > node list callback tasks: 13 unique task lists, 11 instances (re)created, 396 calls
mkiv lua stats  > used backend: pdf
mkiv lua stats  > jobdata time: 0.002 seconds saving, 0.001 seconds loading
mkiv lua stats  > callbacks: file: 788, saved: 830, direct: 3, function: 2091, value: 3, message: 0, bytecode: 606, late 0, total: 4321 (2161 per page)
mkiv lua stats  > randomizer: resumed with value 0.71364881125811
mkiv lua stats  > loaded tex modules: 1 requested, all found (*-s-layout-show)
mkiv lua stats  > loaded patterns: en::1, load time: 0.000
mkiv lua stats  > loaded fonts: 16 files: amiri-boldslanted.ttf, amiri-slanted.ttf, arial.ttf, cambria.ttc, cour.ttf, courbd.ttf, courbi.ttf, couri.ttf, simfang.ttf , simhei.ttf , simkai.ttf , simsun.ttc, simyou.ttf , stxihei.ttf , stxinwei.ttf, times.ttf
mkiv lua stats  > font engine: otf 3.120, afm 1.513, tfm 1.000, 23 instances, 5 shared in backend, 3 common vectors, 2 common hashes, load time 1.302 seconds 
mkiv lua stats  > body font sizes: defined: 10pt 11pt 12pt 14.4pt 17.3pt 20.7pt 4pt 5pt 6pt 7pt 8pt 9pt, undefined: 10.5pt 12.6pt 8.4pt
mkiv lua stats  > page group warning: transparencies are used but no pagecolormodel is set
mkiv lua stats  > font embedding time: 0.496 seconds, 16 fonts
mkiv lua stats  > result saved in file: d:/ah21/TEX/context-source-studying/字体测试.pdf, compresslevel 1, objectcompresslevel 3
mkiv lua stats  > positions: 4 collected, 0 deltas, 0 shared partials, 0 partial entries
mkiv lua stats  > used platform: win64, type: windows, binary subtree: texmf-win64
mkiv lua stats  > used engine: luametatex version: 2.0957, functionality level: 20220726, format id: 664, compiler: gcc
mkiv lua stats  > tex properties: 740719 hash slots used of 2097152, 48790 control sequences, approximate memory usage: 55 MB
mkiv lua stats  > lua properties: engine: lua 5.4, used memory: 308 MB, ctx: 299 MB, max: 299 MB, symbol mask: utf (τεχ)
mkiv lua stats  > runtime: 2.186 seconds, 2 processed pages, 2 shipped pages, 0.915 pages/second
